<?xml version="1.0" encoding="UTF-8"?>
<!-- Generated by org.testng.reporters.JUnitXMLReporter -->
<testsuite hostname="DESKTOP-JQ3FAIC" name="firefoxTest" tests="1" failures="1" timestamp="7 Apr 2022 15:35:19 GMT" time="17.736" errors="0">
  <testcase name="@AfterMethod logout" time="0.0" classname="actitime.testscript.Customercreation">
    <failure type="org.openqa.selenium.ElementClickInterceptedException" message="Element &amp;lt;a id=&amp;quot;logoutLink&amp;quot; class=&amp;quot;logout&amp;quot; href=&amp;quot;/logout.do&amp;quot;&amp;gt; is not clickable at point (1479,17) because another element &amp;lt;div id=&amp;quot;preInsertedTransformedMoireId&amp;quot; class=&amp;quot;transformedMoireClass&amp;quot;&amp;gt; obscures it
Build info: version: &amp;apos;4.1.0&amp;apos;, revision: &amp;apos;87802e897b&amp;apos;
System info: host: &amp;apos;DESKTOP-JQ3FAIC&amp;apos;, ip: &amp;apos;192.168.74.1&amp;apos;, os.name: &amp;apos;Windows 10&amp;apos;, os.arch: &amp;apos;amd64&amp;apos;, os.version: &amp;apos;10.0&amp;apos;, java.version: &amp;apos;1.8.0_241&amp;apos;
Driver info: org.openqa.selenium.firefox.FirefoxDriver
Command: [91f77ad8-8208-4e9c-80b3-f9edfdc09f9a, clickElement {id=d68c338b-9955-4c9a-a1bc-49ee82603f94}]
Capabilities {acceptInsecureCerts: true, browserName: firefox, browserVersion: 96.0.3, javascriptEnabled: true, moz:accessibilityChecks: false, moz:buildID: 20220126154723, moz:debuggerAddress: localhost:53335, moz:geckodriverVersion: 0.30.0, moz:headless: false, moz:processID: 60596, moz:profile: C:\Users\Tanay My Prince\Ap..., moz:shutdownTimeout: 60000, moz:useNonSpecCompliantPointerOrigin: false, moz:webdriverClick: true, pageLoadStrategy: normal, platform: WINDOWS, platformName: WINDOWS, platformVersion: 10.0, proxy: Proxy(), se:cdp: ws://localhost:53335/devtoo..., se:cdpVersion: 85, setWindowRect: true, strictFileInteractability: false, timeouts: {implicit: 0, pageLoad: 300000, script: 30000}, unhandledPromptBehavior: dismiss and notify}
Element: [[FirefoxDriver: firefox on WINDOWS (91f77ad8-8208-4e9c-80b3-f9edfdc09f9a)] -&amp;gt; id: logoutLink]
Session ID: 91f77ad8-8208-4e9c-80b3-f9edfdc09f9a">
      <![CDATA[org.openqa.selenium.ElementClickInterceptedException: Element <a id="logoutLink" class="logout" href="/logout.do"> is not clickable at point (1479,17) because another element <div id="preInsertedTransformedMoireId" class="transformedMoireClass"> obscures it
Build info: version: '4.1.0', revision: '87802e897b'
System info: host: 'DESKTOP-JQ3FAIC', ip: '192.168.74.1', os.name: 'Windows 10', os.arch: 'amd64', os.version: '10.0', java.version: '1.8.0_241'
Driver info: org.openqa.selenium.firefox.FirefoxDriver
Command: [91f77ad8-8208-4e9c-80b3-f9edfdc09f9a, clickElement {id=d68c338b-9955-4c9a-a1bc-49ee82603f94}]
Capabilities {acceptInsecureCerts: true, browserName: firefox, browserVersion: 96.0.3, javascriptEnabled: true, moz:accessibilityChecks: false, moz:buildID: 20220126154723, moz:debuggerAddress: localhost:53335, moz:geckodriverVersion: 0.30.0, moz:headless: false, moz:processID: 60596, moz:profile: C:\Users\Tanay My Prince\Ap..., moz:shutdownTimeout: 60000, moz:useNonSpecCompliantPointerOrigin: false, moz:webdriverClick: true, pageLoadStrategy: normal, platform: WINDOWS, platformName: WINDOWS, platformVersion: 10.0, proxy: Proxy(), se:cdp: ws://localhost:53335/devtoo..., se:cdpVersion: 85, setWindowRect: true, strictFileInteractability: false, timeouts: {implicit: 0, pageLoad: 300000, script: 30000}, unhandledPromptBehavior: dismiss and notify}
Element: [[FirefoxDriver: firefox on WINDOWS (91f77ad8-8208-4e9c-80b3-f9edfdc09f9a)] -> id: logoutLink]
Session ID: 91f77ad8-8208-4e9c-80b3-f9edfdc09f9a
	at org.openqa.selenium.remote.codec.w3c.W3CHttpResponseCodec.createException(W3CHttpResponseCodec.java:200)
	at org.openqa.selenium.remote.codec.w3c.W3CHttpResponseCodec.decode(W3CHttpResponseCodec.java:133)
	at org.openqa.selenium.remote.codec.w3c.W3CHttpResponseCodec.decode(W3CHttpResponseCodec.java:53)
	at org.openqa.selenium.remote.HttpCommandExecutor.execute(HttpCommandExecutor.java:184)
	at org.openqa.selenium.remote.service.DriverCommandExecutor.invokeExecute(DriverCommandExecutor.java:164)
	at org.openqa.selenium.remote.service.DriverCommandExecutor.execute(DriverCommandExecutor.java:139)
	at org.openqa.selenium.remote.RemoteWebDriver.execute(RemoteWebDriver.java:559)
	at org.openqa.selenium.remote.RemoteWebElement.execute(RemoteWebElement.java:251)
	at org.openqa.selenium.remote.RemoteWebElement.click(RemoteWebElement.java:77)
	at actitime.genericLibrary.BaseClass.logout(BaseClass.java:53)
... Removed 30 stack frames]]>
    </failure>
  </testcase> <!-- @AfterMethod logout -->
  <testcase name="createCustomer" time="2.972" classname="actitime.testscript.Customercreation">
    <failure type="org.openqa.selenium.ElementClickInterceptedException" message="Element &amp;lt;div id=&amp;quot;container_tasks&amp;quot;&amp;gt; is not clickable at point (733,45) because another element &amp;lt;div id=&amp;quot;preInsertedTransformedMoireId&amp;quot; class=&amp;quot;transformedMoireClass&amp;quot;&amp;gt; obscures it
Build info: version: &amp;apos;4.1.0&amp;apos;, revision: &amp;apos;87802e897b&amp;apos;
System info: host: &amp;apos;DESKTOP-JQ3FAIC&amp;apos;, ip: &amp;apos;192.168.74.1&amp;apos;, os.name: &amp;apos;Windows 10&amp;apos;, os.arch: &amp;apos;amd64&amp;apos;, os.version: &amp;apos;10.0&amp;apos;, java.version: &amp;apos;1.8.0_241&amp;apos;
Driver info: org.openqa.selenium.firefox.FirefoxDriver
Command: [91f77ad8-8208-4e9c-80b3-f9edfdc09f9a, clickElement {id=3ee53e57-e3e7-46bf-89ce-ad6eaa7b1d3a}]
Capabilities {acceptInsecureCerts: true, browserName: firefox, browserVersion: 96.0.3, javascriptEnabled: true, moz:accessibilityChecks: false, moz:buildID: 20220126154723, moz:debuggerAddress: localhost:53335, moz:geckodriverVersion: 0.30.0, moz:headless: false, moz:processID: 60596, moz:profile: C:\Users\Tanay My Prince\Ap..., moz:shutdownTimeout: 60000, moz:useNonSpecCompliantPointerOrigin: false, moz:webdriverClick: true, pageLoadStrategy: normal, platform: WINDOWS, platformName: WINDOWS, platformVersion: 10.0, proxy: Proxy(), se:cdp: ws://localhost:53335/devtoo..., se:cdpVersion: 85, setWindowRect: true, strictFileInteractability: false, timeouts: {implicit: 0, pageLoad: 300000, script: 30000}, unhandledPromptBehavior: dismiss and notify}
Element: [[FirefoxDriver: firefox on WINDOWS (91f77ad8-8208-4e9c-80b3-f9edfdc09f9a)] -&amp;gt; id: container_tasks]
Session ID: 91f77ad8-8208-4e9c-80b3-f9edfdc09f9a">
      <![CDATA[org.openqa.selenium.ElementClickInterceptedException: Element <div id="container_tasks"> is not clickable at point (733,45) because another element <div id="preInsertedTransformedMoireId" class="transformedMoireClass"> obscures it
Build info: version: '4.1.0', revision: '87802e897b'
System info: host: 'DESKTOP-JQ3FAIC', ip: '192.168.74.1', os.name: 'Windows 10', os.arch: 'amd64', os.version: '10.0', java.version: '1.8.0_241'
Driver info: org.openqa.selenium.firefox.FirefoxDriver
Command: [91f77ad8-8208-4e9c-80b3-f9edfdc09f9a, clickElement {id=3ee53e57-e3e7-46bf-89ce-ad6eaa7b1d3a}]
Capabilities {acceptInsecureCerts: true, browserName: firefox, browserVersion: 96.0.3, javascriptEnabled: true, moz:accessibilityChecks: false, moz:buildID: 20220126154723, moz:debuggerAddress: localhost:53335, moz:geckodriverVersion: 0.30.0, moz:headless: false, moz:processID: 60596, moz:profile: C:\Users\Tanay My Prince\Ap..., moz:shutdownTimeout: 60000, moz:useNonSpecCompliantPointerOrigin: false, moz:webdriverClick: true, pageLoadStrategy: normal, platform: WINDOWS, platformName: WINDOWS, platformVersion: 10.0, proxy: Proxy(), se:cdp: ws://localhost:53335/devtoo..., se:cdpVersion: 85, setWindowRect: true, strictFileInteractability: false, timeouts: {implicit: 0, pageLoad: 300000, script: 30000}, unhandledPromptBehavior: dismiss and notify}
Element: [[FirefoxDriver: firefox on WINDOWS (91f77ad8-8208-4e9c-80b3-f9edfdc09f9a)] -> id: container_tasks]
Session ID: 91f77ad8-8208-4e9c-80b3-f9edfdc09f9a
	at org.openqa.selenium.remote.codec.w3c.W3CHttpResponseCodec.createException(W3CHttpResponseCodec.java:200)
	at org.openqa.selenium.remote.codec.w3c.W3CHttpResponseCodec.decode(W3CHttpResponseCodec.java:133)
	at org.openqa.selenium.remote.codec.w3c.W3CHttpResponseCodec.decode(W3CHttpResponseCodec.java:53)
	at org.openqa.selenium.remote.HttpCommandExecutor.execute(HttpCommandExecutor.java:184)
	at org.openqa.selenium.remote.service.DriverCommandExecutor.invokeExecute(DriverCommandExecutor.java:164)
	at org.openqa.selenium.remote.service.DriverCommandExecutor.execute(DriverCommandExecutor.java:139)
	at org.openqa.selenium.remote.RemoteWebDriver.execute(RemoteWebDriver.java:559)
	at org.openqa.selenium.remote.RemoteWebElement.execute(RemoteWebElement.java:251)
	at org.openqa.selenium.remote.RemoteWebElement.click(RemoteWebElement.java:77)
	at actitime.testscript.Customercreation.createCustomer(Customercreation.java:16)
... Removed 28 stack frames]]>
    </failure>
  </testcase> <!-- createCustomer -->
</testsuite> <!-- firefoxTest -->
